<?xml version="1.0" encoding="UTF-8"?>
<testsuites name="Incaso Test Suite" time="6.963" tests="1" failures="0" errors="0">
   <testsuite name="Incaso Test Suite" tests="1" failures="0" errors="0" time="6.963" skipped="0" timestamp="2023-04-14 10:55:00" hostname="Igor Flanek - 192.168.0.13" id="Test Suites/Incaso Test Suite">
      <properties>
         <property name="deviceName" value=""/>
         <property name="devicePlatform" value=""/>
         <property name="logFolder" value="C:\\Users\\Igor Flanek\\Katalon Studio\\My First Web UI Project\\Reports\\20230414_105455\\Incaso Test Suite\\20230414_105455"/>
         <property name="logFiles" value="C:\\Users\\Igor Flanek\\Katalon Studio\\My First Web UI Project\\Reports\\20230414_105455\\Incaso Test Suite\\20230414_105455\\execution0.log"/>
         <property name="attachments" value=""/>
         <property name="hostName" value="Igor Flanek - 192.168.0.13"/>
         <property name="os" value="Windows 10 64bit"/>
         <property name="katalonVersion" value="8.6.0.208"/>
         <property name="browser" value="Chrome 111.0.0.0"/>
         <property name="hostAddress" value="192.168.0.13"/>
         <property name="sessionId" value="ae223589d83373879a6920268c9e718e"/>
         <property name="seleniumVersion" value="3.141.59"/>
         <property name="proxyInformation" value="ProxyInformation { proxyOption=NO_PROXY, proxyServerType=HTTP, username=, password=********, proxyServerAddress=, proxyServerPort=0, executionList=&quot;&quot;, isApplyToDesiredCapabilities=true }"/>
         <property name="platform" value="Windows 10"/>
      </properties>
      <testcase name="Test Cases/New Test Case" time="6.461" classname="Test Cases/New Test Case" status="PASSED">
         <system-out><![CDATA[2023-04-14 10:55:01 - [TEST_CASE][PASSED] - Test Cases/New Test Case: Test Cases/New Test Case

2023-04-14 10:55:01 - [TEST_STEP][PASSED] - openBrowser(""): Browser is opened with url: ''

2023-04-14 10:55:02 - [MESSAGE][INFO] - Starting 'Chrome' driver

2023-04-14 10:55:02 - [MESSAGE][INFO] - Action delay is set to 0 milliseconds

2023-04-14 10:55:05 - [MESSAGE][PASSED] - Browser is opened with url: ''

2023-04-14 10:55:05 - [TEST_STEP][PASSED] - navigateToUrl("https://katalon-demo-cura.herokuapp.com/"): Navigate to 'https://katalon-demo-cura.herokuapp.com/' successfully

2023-04-14 10:55:06 - [MESSAGE][PASSED] - Navigate to 'https://katalon-demo-cura.herokuapp.com/' successfully

2023-04-14 10:55:06 - [TEST_STEP][PASSED] - closeBrowser(): Browser is closed

2023-04-14 10:55:07 - [MESSAGE][PASSED] - Browser is closed]]></system-out>
         <system-err><![CDATA[]]></system-err>
      </testcase>
      <system-out><![CDATA[2023-04-14 10:55:00 - [TEST_SUITE][PASSED] - Incaso Test Suite: Test Cases/New Test Case]]></system-out>
      <system-err><![CDATA[]]></system-err>
   </testsuite>
</testsuites>
